<?xml version="1.0" encoding="UTF-8"?>
<testng-results skipped="1" failed="0" ignored="0" total="1" passed="0">
  <reporter-output>
  </reporter-output>
  <suite name="Default suite" duration-ms="17682" started-at="2021-02-02T11:42:21 IST" finished-at="2021-02-02T11:42:39 IST">
    <groups>
    </groups>
    <test name="Default test" duration-ms="17682" started-at="2021-02-02T11:42:21 IST" finished-at="2021-02-02T11:42:39 IST">
      <class name="actiTimeTest.ActiTimeTestValidLogin">
        <test-method status="FAIL" signature="setUP()[pri:0, instance:actiTimeTest.ActiTimeTestValidLogin@1f554b06]" name="setUP" is-config="true" duration-ms="17603" started-at="2021-02-02T11:42:21 IST" finished-at="2021-02-02T11:42:39 IST">
          <exception class="org.openqa.selenium.WebDriverException">
            <message>
              <![CDATA[unknown error: Chrome failed to start: exited normally.
  (chrome not reachable)
  (The process started from chrome location C:\Program Files (x86)\Google\Chrome\Application\chrome.exe is no longer running, so ChromeDriver is assuming that Chrome has crashed.)
Build info: version: '3.141.59', revision: 'e82be7d358', time: '2018-11-14T08:17:03'
System info: host: 'LAPTOP-SMC8HIAI', ip: '192.168.0.19', os.name: 'Windows 10', os.arch: 'amd64', os.version: '10.0', java.version: '1.8.0_181'
Driver info: driver.version: ChromeDriver
remote stacktrace: Backtrace:
GetHandleVerifier [0x0103B963+483]
GetHandleVerifier [0x0103B941+449]
GetHandleVerifier [0x013E3308+3832712]
GetHandleVerifier [0x013F9FA6+3926054]
GetHandleVerifier [0x013F7D9C+3917340]
GetHandleVerifier [0x0141E7FE+4075646]
GetHandleVerifier [0x0141E56C+4074988]
GetHandleVerifier [0x0141B2EB+4062059]
GetHandleVerifier [0x013FED14+3945876]
GetHandleVerifier [0x013FFBCE+3949646]
GetHandleVerifier [0x013FFB59+3949529]
Ordinal0 [0x00FFB5CC+46540]
Ordinal0 [0x00FF9F53+40787]
Ordinal0 [0x00FF9B12+39698]
GetHandleVerifier [0x01301468+2907368]
GetHandleVerifier [0x011471EE+1096302]
GetHandleVerifier [0x01103E8D+821005]
GetHandleVerifier [0x0110396B+819691]
GetHandleVerifier [0x01103881+819457]
GetHandleVerifier [0x0112F463+998627]
BaseThreadInitThunk [0x770F6359+25]
RtlGetAppContainerNamedObjectPath [0x77828944+228]
RtlGetAppContainerNamedObjectPath [0x77828914+180]
]]>
            </message>
            <full-stacktrace>
              <![CDATA[org.openqa.selenium.WebDriverException: unknown error: Chrome failed to start: exited normally.
  (chrome not reachable)
  (The process started from chrome location C:\Program Files (x86)\Google\Chrome\Application\chrome.exe is no longer running, so ChromeDriver is assuming that Chrome has crashed.)
Build info: version: '3.141.59', revision: 'e82be7d358', time: '2018-11-14T08:17:03'
System info: host: 'LAPTOP-SMC8HIAI', ip: '192.168.0.19', os.name: 'Windows 10', os.arch: 'amd64', os.version: '10.0', java.version: '1.8.0_181'
Driver info: driver.version: ChromeDriver
remote stacktrace: Backtrace:
GetHandleVerifier [0x0103B963+483]
GetHandleVerifier [0x0103B941+449]
GetHandleVerifier [0x013E3308+3832712]
GetHandleVerifier [0x013F9FA6+3926054]
GetHandleVerifier [0x013F7D9C+3917340]
GetHandleVerifier [0x0141E7FE+4075646]
GetHandleVerifier [0x0141E56C+4074988]
GetHandleVerifier [0x0141B2EB+4062059]
GetHandleVerifier [0x013FED14+3945876]
GetHandleVerifier [0x013FFBCE+3949646]
GetHandleVerifier [0x013FFB59+3949529]
Ordinal0 [0x00FFB5CC+46540]
Ordinal0 [0x00FF9F53+40787]
Ordinal0 [0x00FF9B12+39698]
GetHandleVerifier [0x01301468+2907368]
GetHandleVerifier [0x011471EE+1096302]
GetHandleVerifier [0x01103E8D+821005]
GetHandleVerifier [0x0110396B+819691]
GetHandleVerifier [0x01103881+819457]
GetHandleVerifier [0x0112F463+998627]
BaseThreadInitThunk [0x770F6359+25]
RtlGetAppContainerNamedObjectPath [0x77828944+228]
RtlGetAppContainerNamedObjectPath [0x77828914+180]

at sun.reflect.NativeConstructorAccessorImpl.newInstance0(Native Method)
at sun.reflect.NativeConstructorAccessorImpl.newInstance(NativeConstructorAccessorImpl.java:62)
at sun.reflect.DelegatingConstructorAccessorImpl.newInstance(DelegatingConstructorAccessorImpl.java:45)
at java.lang.reflect.Constructor.newInstance(Constructor.java:423)
at org.openqa.selenium.remote.W3CHandshakeResponse.lambda$errorHandler$0(W3CHandshakeResponse.java:62)
at org.openqa.selenium.remote.HandshakeResponse.lambda$getResponseFunction$0(HandshakeResponse.java:30)
at org.openqa.selenium.remote.ProtocolHandshake.lambda$createSession$0(ProtocolHandshake.java:126)
at java.util.stream.ReferencePipeline$3$1.accept(ReferencePipeline.java:193)
at java.util.Spliterators$ArraySpliterator.tryAdvance(Spliterators.java:958)
at java.util.stream.ReferencePipeline.forEachWithCancel(ReferencePipeline.java:126)
at java.util.stream.AbstractPipeline.copyIntoWithCancel(AbstractPipeline.java:498)
at java.util.stream.AbstractPipeline.copyInto(AbstractPipeline.java:485)
at java.util.stream.AbstractPipeline.wrapAndCopyInto(AbstractPipeline.java:471)
at java.util.stream.FindOps$FindOp.evaluateSequential(FindOps.java:152)
at java.util.stream.AbstractPipeline.evaluate(AbstractPipeline.java:234)
at java.util.stream.ReferencePipeline.findFirst(ReferencePipeline.java:464)
at org.openqa.selenium.remote.ProtocolHandshake.createSession(ProtocolHandshake.java:128)
at org.openqa.selenium.remote.ProtocolHandshake.createSession(ProtocolHandshake.java:74)
at org.openqa.selenium.remote.HttpCommandExecutor.execute(HttpCommandExecutor.java:136)
at org.openqa.selenium.remote.service.DriverCommandExecutor.execute(DriverCommandExecutor.java:83)
at org.openqa.selenium.remote.RemoteWebDriver.execute(RemoteWebDriver.java:552)
at org.openqa.selenium.remote.RemoteWebDriver.startSession(RemoteWebDriver.java:213)
at org.openqa.selenium.remote.RemoteWebDriver.<init>(RemoteWebDriver.java:131)
at org.openqa.selenium.chrome.ChromeDriver.<init>(ChromeDriver.java:181)
at org.openqa.selenium.chrome.ChromeDriver.<init>(ChromeDriver.java:168)
at org.openqa.selenium.chrome.ChromeDriver.<init>(ChromeDriver.java:123)
at actiTimeTest.ActiTimeTestValidLogin.setUP(ActiTimeTestValidLogin.java:22)
at sun.reflect.NativeMethodAccessorImpl.invoke0(Native Method)
at sun.reflect.NativeMethodAccessorImpl.invoke(NativeMethodAccessorImpl.java:62)
at sun.reflect.DelegatingMethodAccessorImpl.invoke(DelegatingMethodAccessorImpl.java:43)
at java.lang.reflect.Method.invoke(Method.java:498)
at org.testng.internal.MethodInvocationHelper.invokeMethod(MethodInvocationHelper.java:132)
at org.testng.internal.MethodInvocationHelper.invokeMethodConsideringTimeout(MethodInvocationHelper.java:61)
at org.testng.internal.ConfigInvoker.invokeConfigurationMethod(ConfigInvoker.java:366)
at org.testng.internal.ConfigInvoker.invokeConfigurations(ConfigInvoker.java:320)
at org.testng.internal.TestMethodWorker.invokeBeforeClassMethods(TestMethodWorker.java:176)
at org.testng.internal.TestMethodWorker.run(TestMethodWorker.java:122)
at java.util.ArrayList.forEach(ArrayList.java:1257)
at org.testng.TestRunner.privateRun(TestRunner.java:764)
at org.testng.TestRunner.run(TestRunner.java:585)
at org.testng.SuiteRunner.runTest(SuiteRunner.java:384)
at org.testng.SuiteRunner.runSequentially(SuiteRunner.java:378)
at org.testng.SuiteRunner.privateRun(SuiteRunner.java:337)
at org.testng.SuiteRunner.run(SuiteRunner.java:286)
at org.testng.SuiteRunnerWorker.runSuite(SuiteRunnerWorker.java:53)
at org.testng.SuiteRunnerWorker.run(SuiteRunnerWorker.java:96)
at org.testng.TestNG.runSuitesSequentially(TestNG.java:1218)
at org.testng.TestNG.runSuitesLocally(TestNG.java:1140)
at org.testng.TestNG.runSuites(TestNG.java:1069)
at org.testng.TestNG.run(TestNG.java:1037)
at org.testng.remote.AbstractRemoteTestNG.run(AbstractRemoteTestNG.java:115)
at org.testng.remote.RemoteTestNG.initAndRun(RemoteTestNG.java:251)
at org.testng.remote.RemoteTestNG.main(RemoteTestNG.java:77)
]]>
            </full-stacktrace>
          </exception> <!-- org.openqa.selenium.WebDriverException -->
          <reporter-output>
          </reporter-output>
        </test-method> <!-- setUP -->
        <test-method status="SKIP" signature="testActiTime()[pri:0, instance:actiTimeTest.ActiTimeTestValidLogin@1f554b06]" name="testActiTime" duration-ms="0" started-at="2021-02-02T11:42:39 IST" finished-at="2021-02-02T11:42:39 IST">
          <exception class="org.openqa.selenium.WebDriverException">
            <message>
              <![CDATA[unknown error: Chrome failed to start: exited normally.
  (chrome not reachable)
  (The process started from chrome location C:\Program Files (x86)\Google\Chrome\Application\chrome.exe is no longer running, so ChromeDriver is assuming that Chrome has crashed.)
Build info: version: '3.141.59', revision: 'e82be7d358', time: '2018-11-14T08:17:03'
System info: host: 'LAPTOP-SMC8HIAI', ip: '192.168.0.19', os.name: 'Windows 10', os.arch: 'amd64', os.version: '10.0', java.version: '1.8.0_181'
Driver info: driver.version: ChromeDriver
remote stacktrace: Backtrace:
GetHandleVerifier [0x0103B963+483]
GetHandleVerifier [0x0103B941+449]
GetHandleVerifier [0x013E3308+3832712]
GetHandleVerifier [0x013F9FA6+3926054]
GetHandleVerifier [0x013F7D9C+3917340]
GetHandleVerifier [0x0141E7FE+4075646]
GetHandleVerifier [0x0141E56C+4074988]
GetHandleVerifier [0x0141B2EB+4062059]
GetHandleVerifier [0x013FED14+3945876]
GetHandleVerifier [0x013FFBCE+3949646]
GetHandleVerifier [0x013FFB59+3949529]
Ordinal0 [0x00FFB5CC+46540]
Ordinal0 [0x00FF9F53+40787]
Ordinal0 [0x00FF9B12+39698]
GetHandleVerifier [0x01301468+2907368]
GetHandleVerifier [0x011471EE+1096302]
GetHandleVerifier [0x01103E8D+821005]
GetHandleVerifier [0x0110396B+819691]
GetHandleVerifier [0x01103881+819457]
GetHandleVerifier [0x0112F463+998627]
BaseThreadInitThunk [0x770F6359+25]
RtlGetAppContainerNamedObjectPath [0x77828944+228]
RtlGetAppContainerNamedObjectPath [0x77828914+180]
]]>
            </message>
            <full-stacktrace>
              <![CDATA[org.openqa.selenium.WebDriverException: unknown error: Chrome failed to start: exited normally.
  (chrome not reachable)
  (The process started from chrome location C:\Program Files (x86)\Google\Chrome\Application\chrome.exe is no longer running, so ChromeDriver is assuming that Chrome has crashed.)
Build info: version: '3.141.59', revision: 'e82be7d358', time: '2018-11-14T08:17:03'
System info: host: 'LAPTOP-SMC8HIAI', ip: '192.168.0.19', os.name: 'Windows 10', os.arch: 'amd64', os.version: '10.0', java.version: '1.8.0_181'
Driver info: driver.version: ChromeDriver
remote stacktrace: Backtrace:
GetHandleVerifier [0x0103B963+483]
GetHandleVerifier [0x0103B941+449]
GetHandleVerifier [0x013E3308+3832712]
GetHandleVerifier [0x013F9FA6+3926054]
GetHandleVerifier [0x013F7D9C+3917340]
GetHandleVerifier [0x0141E7FE+4075646]
GetHandleVerifier [0x0141E56C+4074988]
GetHandleVerifier [0x0141B2EB+4062059]
GetHandleVerifier [0x013FED14+3945876]
GetHandleVerifier [0x013FFBCE+3949646]
GetHandleVerifier [0x013FFB59+3949529]
Ordinal0 [0x00FFB5CC+46540]
Ordinal0 [0x00FF9F53+40787]
Ordinal0 [0x00FF9B12+39698]
GetHandleVerifier [0x01301468+2907368]
GetHandleVerifier [0x011471EE+1096302]
GetHandleVerifier [0x01103E8D+821005]
GetHandleVerifier [0x0110396B+819691]
GetHandleVerifier [0x01103881+819457]
GetHandleVerifier [0x0112F463+998627]
BaseThreadInitThunk [0x770F6359+25]
RtlGetAppContainerNamedObjectPath [0x77828944+228]
RtlGetAppContainerNamedObjectPath [0x77828914+180]

at sun.reflect.NativeConstructorAccessorImpl.newInstance0(Native Method)
at sun.reflect.NativeConstructorAccessorImpl.newInstance(NativeConstructorAccessorImpl.java:62)
at sun.reflect.DelegatingConstructorAccessorImpl.newInstance(DelegatingConstructorAccessorImpl.java:45)
at java.lang.reflect.Constructor.newInstance(Constructor.java:423)
at org.openqa.selenium.remote.W3CHandshakeResponse.lambda$errorHandler$0(W3CHandshakeResponse.java:62)
at org.openqa.selenium.remote.HandshakeResponse.lambda$getResponseFunction$0(HandshakeResponse.java:30)
at org.openqa.selenium.remote.ProtocolHandshake.lambda$createSession$0(ProtocolHandshake.java:126)
at java.util.stream.ReferencePipeline$3$1.accept(ReferencePipeline.java:193)
at java.util.Spliterators$ArraySpliterator.tryAdvance(Spliterators.java:958)
at java.util.stream.ReferencePipeline.forEachWithCancel(ReferencePipeline.java:126)
at java.util.stream.AbstractPipeline.copyIntoWithCancel(AbstractPipeline.java:498)
at java.util.stream.AbstractPipeline.copyInto(AbstractPipeline.java:485)
at java.util.stream.AbstractPipeline.wrapAndCopyInto(AbstractPipeline.java:471)
at java.util.stream.FindOps$FindOp.evaluateSequential(FindOps.java:152)
at java.util.stream.AbstractPipeline.evaluate(AbstractPipeline.java:234)
at java.util.stream.ReferencePipeline.findFirst(ReferencePipeline.java:464)
at org.openqa.selenium.remote.ProtocolHandshake.createSession(ProtocolHandshake.java:128)
at org.openqa.selenium.remote.ProtocolHandshake.createSession(ProtocolHandshake.java:74)
at org.openqa.selenium.remote.HttpCommandExecutor.execute(HttpCommandExecutor.java:136)
at org.openqa.selenium.remote.service.DriverCommandExecutor.execute(DriverCommandExecutor.java:83)
at org.openqa.selenium.remote.RemoteWebDriver.execute(RemoteWebDriver.java:552)
at org.openqa.selenium.remote.RemoteWebDriver.startSession(RemoteWebDriver.java:213)
at org.openqa.selenium.remote.RemoteWebDriver.<init>(RemoteWebDriver.java:131)
at org.openqa.selenium.chrome.ChromeDriver.<init>(ChromeDriver.java:181)
at org.openqa.selenium.chrome.ChromeDriver.<init>(ChromeDriver.java:168)
at org.openqa.selenium.chrome.ChromeDriver.<init>(ChromeDriver.java:123)
at actiTimeTest.ActiTimeTestValidLogin.setUP(ActiTimeTestValidLogin.java:22)
at sun.reflect.NativeMethodAccessorImpl.invoke0(Native Method)
at sun.reflect.NativeMethodAccessorImpl.invoke(NativeMethodAccessorImpl.java:62)
at sun.reflect.DelegatingMethodAccessorImpl.invoke(DelegatingMethodAccessorImpl.java:43)
at java.lang.reflect.Method.invoke(Method.java:498)
at org.testng.internal.MethodInvocationHelper.invokeMethod(MethodInvocationHelper.java:132)
at org.testng.internal.MethodInvocationHelper.invokeMethodConsideringTimeout(MethodInvocationHelper.java:61)
at org.testng.internal.ConfigInvoker.invokeConfigurationMethod(ConfigInvoker.java:366)
at org.testng.internal.ConfigInvoker.invokeConfigurations(ConfigInvoker.java:320)
at org.testng.internal.TestMethodWorker.invokeBeforeClassMethods(TestMethodWorker.java:176)
at org.testng.internal.TestMethodWorker.run(TestMethodWorker.java:122)
at java.util.ArrayList.forEach(ArrayList.java:1257)
at org.testng.TestRunner.privateRun(TestRunner.java:764)
at org.testng.TestRunner.run(TestRunner.java:585)
at org.testng.SuiteRunner.runTest(SuiteRunner.java:384)
at org.testng.SuiteRunner.runSequentially(SuiteRunner.java:378)
at org.testng.SuiteRunner.privateRun(SuiteRunner.java:337)
at org.testng.SuiteRunner.run(SuiteRunner.java:286)
at org.testng.SuiteRunnerWorker.runSuite(SuiteRunnerWorker.java:53)
at org.testng.SuiteRunnerWorker.run(SuiteRunnerWorker.java:96)
at org.testng.TestNG.runSuitesSequentially(TestNG.java:1218)
at org.testng.TestNG.runSuitesLocally(TestNG.java:1140)
at org.testng.TestNG.runSuites(TestNG.java:1069)
at org.testng.TestNG.run(TestNG.java:1037)
at org.testng.remote.AbstractRemoteTestNG.run(AbstractRemoteTestNG.java:115)
at org.testng.remote.RemoteTestNG.initAndRun(RemoteTestNG.java:251)
at org.testng.remote.RemoteTestNG.main(RemoteTestNG.java:77)
]]>
            </full-stacktrace>
          </exception> <!-- org.openqa.selenium.WebDriverException -->
          <reporter-output>
          </reporter-output>
        </test-method> <!-- testActiTime -->
        <test-method status="SKIP" signature="tearDown()[pri:0, instance:actiTimeTest.ActiTimeTestValidLogin@1f554b06]" name="tearDown" is-config="true" duration-ms="-1612246359255" started-at="2021-02-02T11:42:39 IST" finished-at="1970-01-01T05:30:00 IST">
          <reporter-output>
          </reporter-output>
        </test-method> <!-- tearDown -->
      </class> <!-- actiTimeTest.ActiTimeTestValidLogin -->
    </test> <!-- Default test -->
  </suite> <!-- Default suite -->
</testng-results>
